<?xml version="1.0" encoding="UTF-8"?>
<testsuite xmlns:xsi="http://www.w3.org/2001/XMLSchema-instance" xsi:noNamespaceSchemaLocation="https://maven.apache.org/surefire/maven-surefire-plugin/xsd/surefire-test-report-3.0.xsd" version="3.0" name="com.udacity.catpoint.AppTest" time="0.1" tests="1" errors="0" skipped="0" failures="0">
  <properties>
    <property name="java.specification.version" value="17"/>
    <property name="sun.cpu.isalist" value="amd64"/>
    <property name="sun.jnu.encoding" value="Cp1252"/>
    <property name="java.class.path" value="C:\Users\LENOVO\Desktop\Accenture Learning\cd0384-java-application-deployment-projectstarter-master\starter\catpoint-parent\ImageServices\target\test-classes;C:\Users\LENOVO\.m2\repository\software\amazon\awssdk\annotations\2.31.16\annotations-2.31.16.jar;C:\Users\LENOVO\.m2\repository\software\amazon\awssdk\http-client-spi\2.31.16\http-client-spi-2.31.16.jar;C:\Users\LENOVO\.m2\repository\software\amazon\awssdk\metrics-spi\2.31.16\metrics-spi-2.31.16.jar;C:\Users\LENOVO\.m2\repository\software\amazon\awssdk\endpoints-spi\2.31.16\endpoints-spi-2.31.16.jar;C:\Users\LENOVO\.m2\repository\software\amazon\awssdk\http-auth-spi\2.31.16\http-auth-spi-2.31.16.jar;C:\Users\LENOVO\.m2\repository\software\amazon\awssdk\http-auth-aws\2.31.16\http-auth-aws-2.31.16.jar;C:\Users\LENOVO\.m2\repository\software\amazon\awssdk\checksums-spi\2.31.16\checksums-spi-2.31.16.jar;C:\Users\LENOVO\.m2\repository\software\amazon\awssdk\checksums\2.31.16\checksums-2.31.16.jar;C:\Users\LENOVO\.m2\repository\software\amazon\awssdk\identity-spi\2.31.16\identity-spi-2.31.16.jar;C:\Users\LENOVO\.m2\repository\software\amazon\awssdk\utils\2.31.16\utils-2.31.16.jar;C:\Users\LENOVO\.m2\repository\software\amazon\awssdk\profiles\2.31.16\profiles-2.31.16.jar;C:\Users\LENOVO\.m2\repository\software\amazon\awssdk\retries-spi\2.31.16\retries-spi-2.31.16.jar;C:\Users\LENOVO\.m2\repository\software\amazon\awssdk\retries\2.31.16\retries-2.31.16.jar;C:\Users\LENOVO\.m2\repository\org\reactivestreams\reactive-streams\1.0.4\reactive-streams-1.0.4.jar;C:\Users\LENOVO\.m2\repository\software\amazon\awssdk\aws-json-protocol\2.20.160\aws-json-protocol-2.20.160.jar;C:\Users\LENOVO\.m2\repository\software\amazon\awssdk\third-party-jackson-core\2.20.160\third-party-jackson-core-2.20.160.jar;C:\Users\LENOVO\.m2\repository\software\amazon\awssdk\protocol-core\2.20.160\protocol-core-2.20.160.jar;C:\Users\LENOVO\.m2\repository\software\amazon\awssdk\aws-core\2.20.160\aws-core-2.20.160.jar;C:\Users\LENOVO\.m2\repository\software\amazon\awssdk\json-utils\2.20.160\json-utils-2.20.160.jar;C:\Users\LENOVO\.m2\repository\software\amazon\awssdk\apache-client\2.20.160\apache-client-2.20.160.jar;C:\Users\LENOVO\.m2\repository\org\apache\httpcomponents\httpclient\4.5.13\httpclient-4.5.13.jar;C:\Users\LENOVO\.m2\repository\commons-logging\commons-logging\1.2\commons-logging-1.2.jar;C:\Users\LENOVO\.m2\repository\org\apache\httpcomponents\httpcore\4.4.13\httpcore-4.4.13.jar;C:\Users\LENOVO\.m2\repository\commons-codec\commons-codec\1.15\commons-codec-1.15.jar;C:\Users\LENOVO\.m2\repository\software\amazon\awssdk\netty-nio-client\2.20.160\netty-nio-client-2.20.160.jar;C:\Users\LENOVO\.m2\repository\io\netty\netty-codec-http\4.1.94.Final\netty-codec-http-4.1.94.Final.jar;C:\Users\LENOVO\.m2\repository\io\netty\netty-codec-http2\4.1.94.Final\netty-codec-http2-4.1.94.Final.jar;C:\Users\LENOVO\.m2\repository\io\netty\netty-codec\4.1.94.Final\netty-codec-4.1.94.Final.jar;C:\Users\LENOVO\.m2\repository\io\netty\netty-transport\4.1.94.Final\netty-transport-4.1.94.Final.jar;C:\Users\LENOVO\.m2\repository\io\netty\netty-common\4.1.94.Final\netty-common-4.1.94.Final.jar;C:\Users\LENOVO\.m2\repository\io\netty\netty-buffer\4.1.94.Final\netty-buffer-4.1.94.Final.jar;C:\Users\LENOVO\.m2\repository\io\netty\netty-handler\4.1.94.Final\netty-handler-4.1.94.Final.jar;C:\Users\LENOVO\.m2\repository\io\netty\netty-transport-native-unix-common\4.1.94.Final\netty-transport-native-unix-common-4.1.94.Final.jar;C:\Users\LENOVO\.m2\repository\io\netty\netty-transport-classes-epoll\4.1.94.Final\netty-transport-classes-epoll-4.1.94.Final.jar;C:\Users\LENOVO\.m2\repository\io\netty\netty-resolver\4.1.94.Final\netty-resolver-4.1.94.Final.jar;C:\Users\LENOVO\.m2\repository\software\amazon\awssdk\http-auth-aws-eventstream\2.31.16\http-auth-aws-eventstream-2.31.16.jar;C:\Users\LENOVO\.m2\repository\software\amazon\awssdk\http-auth\2.31.16\http-auth-2.31.16.jar;C:\Users\LENOVO\.m2\repository\software\amazon\eventstream\eventstream\1.0.1\eventstream-1.0.1.jar;C:\Users\LENOVO\.m2\repository\org\junit\jupiter\junit-jupiter-api\5.11.0\junit-jupiter-api-5.11.0.jar;C:\Users\LENOVO\.m2\repository\org\opentest4j\opentest4j\1.3.0\opentest4j-1.3.0.jar;C:\Users\LENOVO\.m2\repository\org\junit\platform\junit-platform-commons\1.11.0\junit-platform-commons-1.11.0.jar;C:\Users\LENOVO\.m2\repository\org\apiguardian\apiguardian-api\1.1.2\apiguardian-api-1.1.2.jar;C:\Users\LENOVO\.m2\repository\org\junit\jupiter\junit-jupiter-params\5.11.0\junit-jupiter-params-5.11.0.jar;C:\Users\LENOVO\.m2\repository\com\google\code\gson\gson\2.12.1\gson-2.12.1.jar;C:\Users\LENOVO\.m2\repository\com\google\errorprone\error_prone_annotations\2.36.0\error_prone_annotations-2.36.0.jar;C:\Users\LENOVO\.m2\repository\com\google\guava\guava\33.3.1-jre\guava-33.3.1-jre.jar;C:\Users\LENOVO\.m2\repository\com\google\guava\failureaccess\1.0.2\failureaccess-1.0.2.jar;C:\Users\LENOVO\.m2\repository\com\google\guava\listenablefuture\9999.0-empty-to-avoid-conflict-with-guava\listenablefuture-9999.0-empty-to-avoid-conflict-with-guava.jar;C:\Users\LENOVO\.m2\repository\com\google\code\findbugs\jsr305\3.0.2\jsr305-3.0.2.jar;C:\Users\LENOVO\.m2\repository\org\checkerframework\checker-qual\3.43.0\checker-qual-3.43.0.jar;C:\Users\LENOVO\.m2\repository\com\google\j2objc\j2objc-annotations\3.0.0\j2objc-annotations-3.0.0.jar;C:\Users\LENOVO\.m2\repository\com\miglayout\miglayout-swing\11.0\miglayout-swing-11.0.jar;C:\Users\LENOVO\.m2\repository\com\miglayout\miglayout-core\11.0\miglayout-core-11.0.jar;C:\Users\LENOVO\.m2\repository\org\slf4j\slf4j-simple\2.0.9\slf4j-simple-2.0.9.jar;C:\Users\LENOVO\.m2\repository\org\junit\jupiter\junit-jupiter\5.10.0\junit-jupiter-5.10.0.jar;C:\Users\LENOVO\.m2\repository\org\junit\jupiter\junit-jupiter-engine\5.11.0\junit-jupiter-engine-5.11.0.jar;C:\Users\LENOVO\.m2\repository\org\junit\platform\junit-platform-engine\1.11.0\junit-platform-engine-1.11.0.jar;"/>
    <property name="java.vm.vendor" value="Eclipse Adoptium"/>
    <property name="sun.arch.data.model" value="64"/>
    <property name="user.variant" value=""/>
    <property name="java.vendor.url" value="https://adoptium.net/"/>
    <property name="user.timezone" value="Asia/Calcutta"/>
    <property name="os.name" value="Windows 10"/>
    <property name="java.vm.specification.version" value="17"/>
    <property name="sun.java.launcher" value="SUN_STANDARD"/>
    <property name="user.country" value="US"/>
    <property name="sun.boot.library.path" value="C:\Users\LENOVO\AppData\Local\Programs\Eclipse Adoptium\jdk-17.0.7.7-hotspot\bin"/>
    <property name="sun.java.command" value="org.apache.maven.surefire.booter.ForkedBooter C:\Users\LENOVO\AppData\Local\Temp\surefire8332379012460971802 2025-04-14T22-34-22_514-jvmRun1 surefire-20250414223423860_1tmp surefire_0-20250414223423860_2tmp"/>
    <property name="jdk.debug" value="release"/>
    <property name="surefire.test.class.path" value="C:\Users\LENOVO\Desktop\Accenture Learning\cd0384-java-application-deployment-projectstarter-master\starter\catpoint-parent\ImageServices\target\test-classes;C:\Users\LENOVO\.m2\repository\software\amazon\awssdk\annotations\2.31.16\annotations-2.31.16.jar;C:\Users\LENOVO\.m2\repository\software\amazon\awssdk\http-client-spi\2.31.16\http-client-spi-2.31.16.jar;C:\Users\LENOVO\.m2\repository\software\amazon\awssdk\metrics-spi\2.31.16\metrics-spi-2.31.16.jar;C:\Users\LENOVO\.m2\repository\software\amazon\awssdk\endpoints-spi\2.31.16\endpoints-spi-2.31.16.jar;C:\Users\LENOVO\.m2\repository\software\amazon\awssdk\http-auth-spi\2.31.16\http-auth-spi-2.31.16.jar;C:\Users\LENOVO\.m2\repository\software\amazon\awssdk\http-auth-aws\2.31.16\http-auth-aws-2.31.16.jar;C:\Users\LENOVO\.m2\repository\software\amazon\awssdk\checksums-spi\2.31.16\checksums-spi-2.31.16.jar;C:\Users\LENOVO\.m2\repository\software\amazon\awssdk\checksums\2.31.16\checksums-2.31.16.jar;C:\Users\LENOVO\.m2\repository\software\amazon\awssdk\identity-spi\2.31.16\identity-spi-2.31.16.jar;C:\Users\LENOVO\.m2\repository\software\amazon\awssdk\utils\2.31.16\utils-2.31.16.jar;C:\Users\LENOVO\.m2\repository\software\amazon\awssdk\profiles\2.31.16\profiles-2.31.16.jar;C:\Users\LENOVO\.m2\repository\software\amazon\awssdk\retries-spi\2.31.16\retries-spi-2.31.16.jar;C:\Users\LENOVO\.m2\repository\software\amazon\awssdk\retries\2.31.16\retries-2.31.16.jar;C:\Users\LENOVO\.m2\repository\org\reactivestreams\reactive-streams\1.0.4\reactive-streams-1.0.4.jar;C:\Users\LENOVO\.m2\repository\software\amazon\awssdk\aws-json-protocol\2.20.160\aws-json-protocol-2.20.160.jar;C:\Users\LENOVO\.m2\repository\software\amazon\awssdk\third-party-jackson-core\2.20.160\third-party-jackson-core-2.20.160.jar;C:\Users\LENOVO\.m2\repository\software\amazon\awssdk\protocol-core\2.20.160\protocol-core-2.20.160.jar;C:\Users\LENOVO\.m2\repository\software\amazon\awssdk\aws-core\2.20.160\aws-core-2.20.160.jar;C:\Users\LENOVO\.m2\repository\software\amazon\awssdk\json-utils\2.20.160\json-utils-2.20.160.jar;C:\Users\LENOVO\.m2\repository\software\amazon\awssdk\apache-client\2.20.160\apache-client-2.20.160.jar;C:\Users\LENOVO\.m2\repository\org\apache\httpcomponents\httpclient\4.5.13\httpclient-4.5.13.jar;C:\Users\LENOVO\.m2\repository\commons-logging\commons-logging\1.2\commons-logging-1.2.jar;C:\Users\LENOVO\.m2\repository\org\apache\httpcomponents\httpcore\4.4.13\httpcore-4.4.13.jar;C:\Users\LENOVO\.m2\repository\commons-codec\commons-codec\1.15\commons-codec-1.15.jar;C:\Users\LENOVO\.m2\repository\software\amazon\awssdk\netty-nio-client\2.20.160\netty-nio-client-2.20.160.jar;C:\Users\LENOVO\.m2\repository\io\netty\netty-codec-http\4.1.94.Final\netty-codec-http-4.1.94.Final.jar;C:\Users\LENOVO\.m2\repository\io\netty\netty-codec-http2\4.1.94.Final\netty-codec-http2-4.1.94.Final.jar;C:\Users\LENOVO\.m2\repository\io\netty\netty-codec\4.1.94.Final\netty-codec-4.1.94.Final.jar;C:\Users\LENOVO\.m2\repository\io\netty\netty-transport\4.1.94.Final\netty-transport-4.1.94.Final.jar;C:\Users\LENOVO\.m2\repository\io\netty\netty-common\4.1.94.Final\netty-common-4.1.94.Final.jar;C:\Users\LENOVO\.m2\repository\io\netty\netty-buffer\4.1.94.Final\netty-buffer-4.1.94.Final.jar;C:\Users\LENOVO\.m2\repository\io\netty\netty-handler\4.1.94.Final\netty-handler-4.1.94.Final.jar;C:\Users\LENOVO\.m2\repository\io\netty\netty-transport-native-unix-common\4.1.94.Final\netty-transport-native-unix-common-4.1.94.Final.jar;C:\Users\LENOVO\.m2\repository\io\netty\netty-transport-classes-epoll\4.1.94.Final\netty-transport-classes-epoll-4.1.94.Final.jar;C:\Users\LENOVO\.m2\repository\io\netty\netty-resolver\4.1.94.Final\netty-resolver-4.1.94.Final.jar;C:\Users\LENOVO\.m2\repository\software\amazon\awssdk\http-auth-aws-eventstream\2.31.16\http-auth-aws-eventstream-2.31.16.jar;C:\Users\LENOVO\.m2\repository\software\amazon\awssdk\http-auth\2.31.16\http-auth-2.31.16.jar;C:\Users\LENOVO\.m2\repository\software\amazon\eventstream\eventstream\1.0.1\eventstream-1.0.1.jar;C:\Users\LENOVO\.m2\repository\org\junit\jupiter\junit-jupiter-api\5.11.0\junit-jupiter-api-5.11.0.jar;C:\Users\LENOVO\.m2\repository\org\opentest4j\opentest4j\1.3.0\opentest4j-1.3.0.jar;C:\Users\LENOVO\.m2\repository\org\junit\platform\junit-platform-commons\1.11.0\junit-platform-commons-1.11.0.jar;C:\Users\LENOVO\.m2\repository\org\apiguardian\apiguardian-api\1.1.2\apiguardian-api-1.1.2.jar;C:\Users\LENOVO\.m2\repository\org\junit\jupiter\junit-jupiter-params\5.11.0\junit-jupiter-params-5.11.0.jar;C:\Users\LENOVO\.m2\repository\com\google\code\gson\gson\2.12.1\gson-2.12.1.jar;C:\Users\LENOVO\.m2\repository\com\google\errorprone\error_prone_annotations\2.36.0\error_prone_annotations-2.36.0.jar;C:\Users\LENOVO\.m2\repository\com\google\guava\guava\33.3.1-jre\guava-33.3.1-jre.jar;C:\Users\LENOVO\.m2\repository\com\google\guava\failureaccess\1.0.2\failureaccess-1.0.2.jar;C:\Users\LENOVO\.m2\repository\com\google\guava\listenablefuture\9999.0-empty-to-avoid-conflict-with-guava\listenablefuture-9999.0-empty-to-avoid-conflict-with-guava.jar;C:\Users\LENOVO\.m2\repository\com\google\code\findbugs\jsr305\3.0.2\jsr305-3.0.2.jar;C:\Users\LENOVO\.m2\repository\org\checkerframework\checker-qual\3.43.0\checker-qual-3.43.0.jar;C:\Users\LENOVO\.m2\repository\com\google\j2objc\j2objc-annotations\3.0.0\j2objc-annotations-3.0.0.jar;C:\Users\LENOVO\.m2\repository\com\miglayout\miglayout-swing\11.0\miglayout-swing-11.0.jar;C:\Users\LENOVO\.m2\repository\com\miglayout\miglayout-core\11.0\miglayout-core-11.0.jar;C:\Users\LENOVO\.m2\repository\org\slf4j\slf4j-simple\2.0.9\slf4j-simple-2.0.9.jar;C:\Users\LENOVO\.m2\repository\org\junit\jupiter\junit-jupiter\5.10.0\junit-jupiter-5.10.0.jar;C:\Users\LENOVO\.m2\repository\org\junit\jupiter\junit-jupiter-engine\5.11.0\junit-jupiter-engine-5.11.0.jar;C:\Users\LENOVO\.m2\repository\org\junit\platform\junit-platform-engine\1.11.0\junit-platform-engine-1.11.0.jar;"/>
    <property name="sun.cpu.endian" value="little"/>
    <property name="user.home" value="C:\Users\LENOVO"/>
    <property name="user.language" value="en"/>
    <property name="java.specification.vendor" value="Oracle Corporation"/>
    <property name="jdk.module.path" value="C:\Users\LENOVO\Desktop\Accenture Learning\cd0384-java-application-deployment-projectstarter-master\starter\catpoint-parent\ImageServices\target\classes;C:\Users\LENOVO\.m2\repository\software\amazon\awssdk\sdk-core\2.31.16\sdk-core-2.31.16.jar;C:\Users\LENOVO\.m2\repository\org\slf4j\slf4j-api\1.7.36\slf4j-api-1.7.36.jar;C:\Users\LENOVO\.m2\repository\software\amazon\awssdk\rekognition\2.20.160\rekognition-2.20.160.jar;C:\Users\LENOVO\.m2\repository\software\amazon\awssdk\regions\2.31.16\regions-2.31.16.jar;C:\Users\LENOVO\.m2\repository\software\amazon\awssdk\auth\2.31.16\auth-2.31.16.jar"/>
    <property name="java.version.date" value="2023-04-18"/>
    <property name="java.home" value="C:\Users\LENOVO\AppData\Local\Programs\Eclipse Adoptium\jdk-17.0.7.7-hotspot"/>
    <property name="file.separator" value="\"/>
    <property name="basedir" value="C:\Users\LENOVO\Desktop\Accenture Learning\cd0384-java-application-deployment-projectstarter-master\starter\catpoint-parent\ImageServices"/>
    <property name="java.vm.compressedOopsMode" value="32-bit"/>
    <property name="line.separator" value="&#10;"/>
    <property name="java.vm.specification.vendor" value="Oracle Corporation"/>
    <property name="java.specification.name" value="Java Platform API Specification"/>
    <property name="surefire.real.class.path" value="C:\Users\LENOVO\.m2\repository\org\apache\maven\surefire\surefire-booter\3.0.0-M9\surefire-booter-3.0.0-M9.jar;C:\Users\LENOVO\.m2\repository\org\apache\maven\surefire\surefire-api\3.0.0-M9\surefire-api-3.0.0-M9.jar;C:\Users\LENOVO\.m2\repository\org\apache\maven\surefire\surefire-logger-api\3.0.0-M9\surefire-logger-api-3.0.0-M9.jar;C:\Users\LENOVO\.m2\repository\org\apache\maven\surefire\surefire-shared-utils\3.0.0-M9\surefire-shared-utils-3.0.0-M9.jar;C:\Users\LENOVO\.m2\repository\org\apache\maven\surefire\surefire-extensions-spi\3.0.0-M9\surefire-extensions-spi-3.0.0-M9.jar;C:\Users\LENOVO\Desktop\Accenture Learning\cd0384-java-application-deployment-projectstarter-master\starter\catpoint-parent\ImageServices\target\test-classes;C:\Users\LENOVO\.m2\repository\software\amazon\awssdk\annotations\2.31.16\annotations-2.31.16.jar;C:\Users\LENOVO\.m2\repository\software\amazon\awssdk\http-client-spi\2.31.16\http-client-spi-2.31.16.jar;C:\Users\LENOVO\.m2\repository\software\amazon\awssdk\metrics-spi\2.31.16\metrics-spi-2.31.16.jar;C:\Users\LENOVO\.m2\repository\software\amazon\awssdk\endpoints-spi\2.31.16\endpoints-spi-2.31.16.jar;C:\Users\LENOVO\.m2\repository\software\amazon\awssdk\http-auth-spi\2.31.16\http-auth-spi-2.31.16.jar;C:\Users\LENOVO\.m2\repository\software\amazon\awssdk\http-auth-aws\2.31.16\http-auth-aws-2.31.16.jar;C:\Users\LENOVO\.m2\repository\software\amazon\awssdk\checksums-spi\2.31.16\checksums-spi-2.31.16.jar;C:\Users\LENOVO\.m2\repository\software\amazon\awssdk\checksums\2.31.16\checksums-2.31.16.jar;C:\Users\LENOVO\.m2\repository\software\amazon\awssdk\identity-spi\2.31.16\identity-spi-2.31.16.jar;C:\Users\LENOVO\.m2\repository\software\amazon\awssdk\utils\2.31.16\utils-2.31.16.jar;C:\Users\LENOVO\.m2\repository\software\amazon\awssdk\profiles\2.31.16\profiles-2.31.16.jar;C:\Users\LENOVO\.m2\repository\software\amazon\awssdk\retries-spi\2.31.16\retries-spi-2.31.16.jar;C:\Users\LENOVO\.m2\repository\software\amazon\awssdk\retries\2.31.16\retries-2.31.16.jar;C:\Users\LENOVO\.m2\repository\org\reactivestreams\reactive-streams\1.0.4\reactive-streams-1.0.4.jar;C:\Users\LENOVO\.m2\repository\software\amazon\awssdk\aws-json-protocol\2.20.160\aws-json-protocol-2.20.160.jar;C:\Users\LENOVO\.m2\repository\software\amazon\awssdk\third-party-jackson-core\2.20.160\third-party-jackson-core-2.20.160.jar;C:\Users\LENOVO\.m2\repository\software\amazon\awssdk\protocol-core\2.20.160\protocol-core-2.20.160.jar;C:\Users\LENOVO\.m2\repository\software\amazon\awssdk\aws-core\2.20.160\aws-core-2.20.160.jar;C:\Users\LENOVO\.m2\repository\software\amazon\awssdk\json-utils\2.20.160\json-utils-2.20.160.jar;C:\Users\LENOVO\.m2\repository\software\amazon\awssdk\apache-client\2.20.160\apache-client-2.20.160.jar;C:\Users\LENOVO\.m2\repository\org\apache\httpcomponents\httpclient\4.5.13\httpclient-4.5.13.jar;C:\Users\LENOVO\.m2\repository\commons-logging\commons-logging\1.2\commons-logging-1.2.jar;C:\Users\LENOVO\.m2\repository\org\apache\httpcomponents\httpcore\4.4.13\httpcore-4.4.13.jar;C:\Users\LENOVO\.m2\repository\commons-codec\commons-codec\1.15\commons-codec-1.15.jar;C:\Users\LENOVO\.m2\repository\software\amazon\awssdk\netty-nio-client\2.20.160\netty-nio-client-2.20.160.jar;C:\Users\LENOVO\.m2\repository\io\netty\netty-codec-http\4.1.94.Final\netty-codec-http-4.1.94.Final.jar;C:\Users\LENOVO\.m2\repository\io\netty\netty-codec-http2\4.1.94.Final\netty-codec-http2-4.1.94.Final.jar;C:\Users\LENOVO\.m2\repository\io\netty\netty-codec\4.1.94.Final\netty-codec-4.1.94.Final.jar;C:\Users\LENOVO\.m2\repository\io\netty\netty-transport\4.1.94.Final\netty-transport-4.1.94.Final.jar;C:\Users\LENOVO\.m2\repository\io\netty\netty-common\4.1.94.Final\netty-common-4.1.94.Final.jar;C:\Users\LENOVO\.m2\repository\io\netty\netty-buffer\4.1.94.Final\netty-buffer-4.1.94.Final.jar;C:\Users\LENOVO\.m2\repository\io\netty\netty-handler\4.1.94.Final\netty-handler-4.1.94.Final.jar;C:\Users\LENOVO\.m2\repository\io\netty\netty-transport-native-unix-common\4.1.94.Final\netty-transport-native-unix-common-4.1.94.Final.jar;C:\Users\LENOVO\.m2\repository\io\netty\netty-transport-classes-epoll\4.1.94.Final\netty-transport-classes-epoll-4.1.94.Final.jar;C:\Users\LENOVO\.m2\repository\io\netty\netty-resolver\4.1.94.Final\netty-resolver-4.1.94.Final.jar;C:\Users\LENOVO\.m2\repository\software\amazon\awssdk\http-auth-aws-eventstream\2.31.16\http-auth-aws-eventstream-2.31.16.jar;C:\Users\LENOVO\.m2\repository\software\amazon\awssdk\http-auth\2.31.16\http-auth-2.31.16.jar;C:\Users\LENOVO\.m2\repository\software\amazon\eventstream\eventstream\1.0.1\eventstream-1.0.1.jar;C:\Users\LENOVO\.m2\repository\org\junit\jupiter\junit-jupiter-api\5.11.0\junit-jupiter-api-5.11.0.jar;C:\Users\LENOVO\.m2\repository\org\opentest4j\opentest4j\1.3.0\opentest4j-1.3.0.jar;C:\Users\LENOVO\.m2\repository\org\junit\platform\junit-platform-commons\1.11.0\junit-platform-commons-1.11.0.jar;C:\Users\LENOVO\.m2\repository\org\apiguardian\apiguardian-api\1.1.2\apiguardian-api-1.1.2.jar;C:\Users\LENOVO\.m2\repository\org\junit\jupiter\junit-jupiter-params\5.11.0\junit-jupiter-params-5.11.0.jar;C:\Users\LENOVO\.m2\repository\com\google\code\gson\gson\2.12.1\gson-2.12.1.jar;C:\Users\LENOVO\.m2\repository\com\google\errorprone\error_prone_annotations\2.36.0\error_prone_annotations-2.36.0.jar;C:\Users\LENOVO\.m2\repository\com\google\guava\guava\33.3.1-jre\guava-33.3.1-jre.jar;C:\Users\LENOVO\.m2\repository\com\google\guava\failureaccess\1.0.2\failureaccess-1.0.2.jar;C:\Users\LENOVO\.m2\repository\com\google\guava\listenablefuture\9999.0-empty-to-avoid-conflict-with-guava\listenablefuture-9999.0-empty-to-avoid-conflict-with-guava.jar;C:\Users\LENOVO\.m2\repository\com\google\code\findbugs\jsr305\3.0.2\jsr305-3.0.2.jar;C:\Users\LENOVO\.m2\repository\org\checkerframework\checker-qual\3.43.0\checker-qual-3.43.0.jar;C:\Users\LENOVO\.m2\repository\com\google\j2objc\j2objc-annotations\3.0.0\j2objc-annotations-3.0.0.jar;C:\Users\LENOVO\.m2\repository\com\miglayout\miglayout-swing\11.0\miglayout-swing-11.0.jar;C:\Users\LENOVO\.m2\repository\com\miglayout\miglayout-core\11.0\miglayout-core-11.0.jar;C:\Users\LENOVO\.m2\repository\org\slf4j\slf4j-simple\2.0.9\slf4j-simple-2.0.9.jar;C:\Users\LENOVO\.m2\repository\org\junit\jupiter\junit-jupiter\5.10.0\junit-jupiter-5.10.0.jar;C:\Users\LENOVO\.m2\repository\org\junit\jupiter\junit-jupiter-engine\5.11.0\junit-jupiter-engine-5.11.0.jar;C:\Users\LENOVO\.m2\repository\org\junit\platform\junit-platform-engine\1.11.0\junit-platform-engine-1.11.0.jar;C:\Users\LENOVO\.m2\repository\org\apache\maven\surefire\surefire-junit-platform\3.0.0-M9\surefire-junit-platform-3.0.0-M9.jar;C:\Users\LENOVO\.m2\repository\org\apache\maven\surefire\common-java5\3.0.0-M9\common-java5-3.0.0-M9.jar;C:\Users\LENOVO\.m2\repository\org\junit\platform\junit-platform-launcher\1.11.0\junit-platform-launcher-1.11.0.jar"/>
    <property name="user.script" value=""/>
    <property name="sun.management.compiler" value="HotSpot 64-Bit Tiered Compilers"/>
    <property name="java.runtime.version" value="17.0.7+7"/>
    <property name="user.name" value="LENOVO"/>
    <property name="path.separator" value=";"/>
    <property name="os.version" value="10.0"/>
    <property name="java.runtime.name" value="OpenJDK Runtime Environment"/>
    <property name="file.encoding" value="Cp1252"/>
    <property name="java.vm.name" value="OpenJDK 64-Bit Server VM"/>
    <property name="java.vendor.version" value="Temurin-17.0.7+7"/>
    <property name="localRepository" value="C:\Users\LENOVO\.m2\repository"/>
    <property name="java.vendor.url.bug" value="https://github.com/adoptium/adoptium-support/issues"/>
    <property name="java.io.tmpdir" value="C:\Users\LENOVO\AppData\Local\Temp\"/>
    <property name="java.version" value="17.0.7"/>
    <property name="user.dir" value="C:\Users\LENOVO\Desktop\Accenture Learning\cd0384-java-application-deployment-projectstarter-master\starter\catpoint-parent\ImageServices"/>
    <property name="os.arch" value="amd64"/>
    <property name="java.vm.specification.name" value="Java Virtual Machine Specification"/>
    <property name="sun.os.patch.level" value=""/>
    <property name="native.encoding" value="Cp1252"/>
    <property name="java.library.path" value="C:\Users\LENOVO\AppData\Local\Programs\Eclipse Adoptium\jdk-17.0.7.7-hotspot\bin;C:\Windows\Sun\Java\bin;C:\Windows\system32;C:\Windows;C:\Python312\Scripts\;C:\Python312\;C:\Program Files\Python311\Scripts\;C:\Program Files\Python311\;C:\Windows\system32;C:\Windows;C:\Windows\System32\Wbem;C:\Windows\System32\WindowsPowerShell\v1.0\;C:\Windows\System32\OpenSSH\;C:\msys64\mingw64\bin;C:\Program Files\MySQL\MySQL Server 8.0\bin;C:\ProgramData\chocolatey\bin;C:\Program Files (x86)\Windows Kits\10\Windows Performance Toolkit\;C:\Program Files\Docker\Docker\resources\bin;C:\Users\LENOVO\AppData\Roaming\nvm;C:\Program Files\nodejs;C:\Program Files\nodejs\;C:\Program Files\Amazon\AWSCLIV2\;C:\Program Files\PuTTY\;C:\Program Files\Git\cmd;C:\Users\LENOVO\Desktop\src\Android\SDK\commandlinetools\cmdline-tools\tools\bin;C:\Users\LENOVO\Downloads\apache-maven-3.9.9\bin;C:\Program Files\MySQL\MySQL Shell 8.0\bin\;C:\Users\LENOVO\AppData\Local\Programs\Eclipse Adoptium\jdk-17.0.7.7-hotspot\bin;C:\Users\LENOVO\AppData\Local\Microsoft\WindowsApps;C:\msys64\mingw64\bin;C:\Users\LENOVO\AppData\Local\Programs\Microsoft VS Code\bin;C:\Users\LENOVO\Desktop\DOWNLOAD IT\IntelliJ IDEA 2024.1.1\bin;;C:\Users\LENOVO\AppData\Roaming\nvm;C:\Program Files\nodejs;C:\Users\LENOVO\AppData\Roaming\npm;C:\Users\LENOVO\AppData\Local\Microsoft\WinGet\Packages\Schniz.fnm_Microsoft.Winget.Source_8wekyb3d8bbwe;;C:\Program Files\JetBrains\IntelliJ IDEA Community Edition 2024.3.5\bin;;."/>
    <property name="java.vm.info" value="mixed mode"/>
    <property name="java.vendor" value="Eclipse Adoptium"/>
    <property name="java.vm.version" value="17.0.7+7"/>
    <property name="sun.io.unicode.encoding" value="UnicodeLittle"/>
    <property name="java.class.version" value="61.0"/>
  </properties>
  <testcase name="shouldAnswerWithTrue" classname="com.udacity.catpoint.AppTest" time="0.038"/>
</testsuite>